A D/AddToAny////
A D/AddrBook////
A D/Adjustment////
A D/Blog////
A D/CMS////
A D/CMenu////
A D/Calendar////
A D/Catalog////
A D/Comments////
A D/Content////
A D/Cron////
A D/Document////
A D/Donation////
A D/ExLib////
A D/Finance////
A D/Forms////
A D/Forum////
A D/Gallery////
A D/Locations////
A D/Login////
A D/MailTo////
A D/Membership////
A D/MySite////
A D/ObjectBrowser////
A D/POS////
A D/Pay////
A D/PhotoAlbum////
A D/PrintFriendly////
A D/Publish////
A D/QA////
A D/Query////
A D/Quiz////
A D/Register////
A D/SMenu////
A D/Search////
A D/Security////
A D/SimpleMenu////
A D/SlideShow////
A D/SocialMedia////
A D/StoreAdm////
A D/SysMsg////
A D/Tags////
A D/Template////
A D/ToDo////
A D/Trash////
A D/Twitter////
A D/Users////
A D/Webtop////
A D/Zine////
